<?xml version="1.0" encoding="UTF-8"?>
<testsuite xmlns:xsi="http://www.w3.org/2001/XMLSchema-instance" xsi:noNamespaceSchemaLocation="https://maven.apache.org/surefire/maven-surefire-plugin/xsd/surefire-test-report-3.0.xsd" version="3.0" name="com.example.fruugo.UserLoginApplicationTests" time="4.333" tests="1" errors="0" skipped="0" failures="0">
  <properties>
[...]
</properties>
  <testcase name="contextLoads" classname="com.example.fruugo.UserLoginApplicationTests" time="1.098">
    <system-out><![CDATA[13:51:00.367 [main] INFO org.springframework.test.context.support.AnnotationConfigContextLoaderUtils -- Could not detect default configuration classes for test class [com.example.fruugo.UserLoginApplicationTests]: UserLoginApplicationTests does not declare any static, non-private, non-final, nested classes annotated with @Configuration.
13:51:00.472 [main] INFO org.springframework.boot.test.context.SpringBootTestContextBootstrapper -- Found @SpringBootConfiguration com.example.fruugo.UserLoginApplication for test class com.example.fruugo.UserLoginApplicationTests

  .   ____          _            __ _ _
 /\\ / ___'_ __ _ _(_)_ __  __ _ \ \ \ \
( ( )\___ | '_ | '_| | '_ \/ _` | \ \ \ \
 \\/  ___)| |_)| | | | | || (_| |  ) ) ) )
  '  |____| .__|_| |_|_| |_\__, | / / / /
 =========|_|==============|___/=/_/_/_/
 :: Spring Boot ::                (v3.1.1)

2023-10-04T13:51:00.929+08:00  INFO 33149 --- [           main] c.e.fruugo.UserLoginApplicationTests     : Starting UserLoginApplicationTests using Java 17.0.8 with PID 33149 (started by jamesfeng2009 in /Users/jamesfeng2009/Downloads/myStudy/project/examples-and-learning/Spring Boot用户登录)
2023-10-04T13:51:00.931+08:00  INFO 33149 --- [           main] c.e.fruugo.UserLoginApplicationTests     : No active profile set, falling back to 1 default profile: "default"
2023-10-04T13:51:03.354+08:00  INFO 33149 --- [           main] c.e.fruugo.UserLoginApplicationTests     : Started UserLoginApplicationTests in 2.727 seconds (process running for 3.867)
]]></system-out>
  </testcase>
</testsuite>